[13:20:11] [ServerMain/INFO]: Environment: authHost='https://authserver.mojang.com', accountsHost='https://api.mojang.com', sessionHost='https://sessionserver.mojang.com', servicesHost='https://api.minecraftservices.com', name='PROD'
[13:20:12] [Worker-Main-3/INFO]: Loaded 7 recipes
[13:20:13] [Server thread/INFO]: Starting minecraft server version 1.18.2
[13:20:13] [Server thread/INFO]: Loading properties
[13:20:13] [Server thread/INFO]: This server is running Paper version git-Paper-318 (MC: 1.18.2) (Implementing API version 1.18.2-R0.1-SNAPSHOT) (Git: 2ab0258)
[13:20:13] [Server thread/INFO]: Server Ping Player Sample Count: 12
[13:20:13] [Server thread/INFO]: Using 4 threads for Netty based IO
[13:20:13] [Server thread/INFO]: Default game type: SURVIVAL
[13:20:13] [Server thread/INFO]: Generating keypair
[13:20:13] [Server thread/INFO]: Starting Minecraft server on *:25565
[13:20:13] [Server thread/INFO]: Using default channel type
[13:20:13] [Server thread/INFO]: Paper: Using Java 11 compression from Velocity.
[13:20:13] [Server thread/INFO]: Paper: Using Java cipher from Velocity.
[13:20:13] [Server thread/INFO]: [CoreProtect] Loading CoreProtect v21.2
[13:20:13] [Server thread/INFO]: [DiscordSRV] Loading DiscordSRV v1.25.1
[13:20:13] [Server thread/INFO]: [SmoothTimber] Loading SmoothTimber v1.21.0
[13:20:13] [Server thread/INFO]: Server permissions file permissions.yml is empty, ignoring it
[13:20:13] [Server thread/INFO]: Preparing level "world"
[13:20:14] [Server thread/INFO]: Preparing start region for dimension minecraft:overworld
[13:20:14] [Server thread/INFO]: Time elapsed: 115 ms
[13:20:14] [Server thread/INFO]: Preparing start region for dimension minecraft:the_nether
[13:20:14] [Server thread/INFO]: Time elapsed: 45 ms
[13:20:14] [Server thread/INFO]: Preparing start region for dimension minecraft:the_end
[13:20:14] [Server thread/INFO]: Time elapsed: 49 ms
[13:20:14] [Server thread/INFO]: [CoreProtect] Enabling CoreProtect v21.2
[13:20:14] [Server thread/INFO]: [CoreProtect] CoreProtect has been successfully enabled! 
[13:20:14] [Server thread/INFO]: [CoreProtect] Using SQLite for data storage.
[13:20:14] [Server thread/INFO]: --------------------
[13:20:14] [Server thread/INFO]: [CoreProtect] Enjoy CoreProtect? Join our Discord!
[13:20:14] [Server thread/INFO]: [CoreProtect] Discord: www.coreprotect.net/discord/
[13:20:14] [Server thread/INFO]: --------------------
[13:20:15] [Server thread/INFO]: [DiscordSRV] Enabling DiscordSRV v1.25.1
[13:20:15] [Server thread/INFO]: [SmoothTimber] Enabling SmoothTimber v1.21.0
[13:20:15] [Server thread/INFO]: SmoothTimber || You're currently using the supported Minecraft Version 1.18.2 (Core v1_16x)
[13:20:15] [Server thread/INFO]: Running delayed init tasks
[13:20:15] [Server thread/INFO]: Done (2.110s)! For help, type "help"
[13:20:15] [Server thread/INFO]: Timings Reset
[13:20:16] [DiscordSRV - Initialization/INFO]: [DiscordSRV] [JDA] Login Successful!
[13:20:16] [JDA MainWS-ReadThread/INFO]: [DiscordSRV] [JDA] Connected to WebSocket
[13:20:17] [JDA MainWS-ReadThread/INFO]: [DiscordSRV] [JDA] Finished Loading!
[13:20:17] [DiscordSRV - Initialization/INFO]: [DiscordSRV] 已找到伺服器 G:哈士企(891189623257186344)
[13:20:17] [DiscordSRV - Initialization/INFO]: [DiscordSRV] - TC:moderator-only(966720894326153296)
[13:20:17] [DiscordSRV - Initialization/INFO]: [DiscordSRV] - TC:suck(933524866269863996)
[13:20:17] [DiscordSRV - Initialization/INFO]: [DiscordSRV] - TC:8888(891189623257186348)
[13:20:17] [DiscordSRV - Initialization/INFO]: [DiscordSRV] - TC:publiclobby(933509959356907591)
[13:20:17] [DiscordSRV - Initialization/INFO]: [DiscordSRV] - TC:r6-player的聊天室(933529843365216346)
[13:20:17] [DiscordSRV - Initialization/INFO]: [DiscordSRV] - TC:音樂(903272699395203162)
[13:20:17] [DiscordSRV - Initialization/INFO]: [DiscordSRV] - TC:?｜公告(966724699440689162)
[13:20:17] [DiscordSRV - Initialization/INFO]: [DiscordSRV] - TC:?｜歡迎入群(966737886701572137)
[13:20:17] [DiscordSRV - Initialization/INFO]: [DiscordSRV] - TC:?｜規則-rule(966720893822840914)
[13:20:17] [DiscordSRV - Initialization/INFO]: [DiscordSRV] - TC:?｜簡易教學(966743497287798894)
[13:20:17] [DiscordSRV - Initialization/INFO]: [DiscordSRV] - TC:?｜apex身分組領取(969244950468370462)
[13:20:17] [DiscordSRV - Initialization/INFO]: [DiscordSRV] - TC:?｜r6身分組領取(969252383592972380)
[13:20:17] [DiscordSRV - Initialization/INFO]: [DiscordSRV] - TC:?｜minecraft身分組領取(969252338722279505)
[13:20:17] [DiscordSRV - Initialization/INFO]: [DiscordSRV] - TC:?｜大廳(966732076445470730)
[13:20:17] [DiscordSRV - Initialization/INFO]: [DiscordSRV] - TC:?｜apex(966741771906351245)
[13:20:17] [DiscordSRV - Initialization/INFO]: [DiscordSRV] - TC:?｜r6(966853154178236477)
[13:20:17] [DiscordSRV - Initialization/INFO]: [DiscordSRV] - TC:?｜戰績查詢(970486076919660604)
[13:20:17] [DiscordSRV - Initialization/INFO]: [DiscordSRV] - TC:?｜minecraft(967430612753469490)
[13:20:17] [DiscordSRV - Initialization/INFO]: [DiscordSRV] - TC:?｜音樂(967275320875048980)
[13:20:17] [DiscordSRV - Initialization/INFO]: [DiscordSRV] - TC:?｜管理私人房(968167056782544926)
[13:20:17] [DiscordSRV - Initialization/INFO]: [DiscordSRV] - TC:dev-chat(966859639113285732)
[13:20:17] [DiscordSRV - Initialization/INFO]: [DiscordSRV] - TC:dev-feed(968096616282198026)
[13:20:17] [DiscordSRV - Initialization/INFO]: [DiscordSRV] - TC:minecraft-serverfeed(973243948132888666)
[13:20:17] [DiscordSRV - Initialization/INFO]: [DiscordSRV] 錯誤的控制台頻道ID, 並未轉送控制台輸出。
[13:20:21] [pool-9-thread-1/INFO]: [DiscordSRV] DiscordSRV is up-to-date. (339e5e81da67cfe6210679af775eb66a9b5033be)
[13:20:30] [Server thread/INFO]: Stopping the server
[13:20:30] [Server thread/INFO]: Stopping server
[13:20:30] [Server thread/INFO]: [SmoothTimber] Disabling SmoothTimber v1.21.0
[13:20:30] [Server thread/INFO]: [DiscordSRV] Disabling DiscordSRV v1.25.1
[13:20:30] [DiscordSRV - Shutdown/INFO]: [DiscordSRV] 已儲存已連結帳號，耗時3ms
[13:20:31] [DiscordSRV - Shutdown/INFO]: [DiscordSRV] 伺服器已關閉，耗時745ms
[13:20:31] [Server thread/INFO]: [CoreProtect] Disabling CoreProtect v21.2
[13:20:31] [Server thread/INFO]: [CoreProtect] Finishing up data logging. Please wait...
[13:20:32] [Server thread/INFO]: [CoreProtect] Success! Disabled CoreProtect v21.2
[13:20:32] [Server thread/INFO]: Saving players
[13:20:32] [Server thread/INFO]: Saving worlds
[13:20:32] [Server thread/INFO]: Saving chunks for level 'ServerLevel[world]'/minecraft:overworld
[13:20:33] [Server thread/INFO]: Saving chunks for level 'ServerLevel[world_nether]'/minecraft:the_nether
[13:20:33] [Server thread/INFO]: Saving chunks for level 'ServerLevel[world_the_end]'/minecraft:the_end
[13:20:33] [Server thread/INFO]: ThreadedAnvilChunkStorage (world): All chunks are saved
[13:20:33] [Server thread/INFO]: ThreadedAnvilChunkStorage (DIM-1): All chunks are saved
[13:20:33] [Server thread/INFO]: ThreadedAnvilChunkStorage (DIM1): All chunks are saved
[13:20:33] [Server thread/INFO]: ThreadedAnvilChunkStorage: All dimensions are saved
[13:20:33] [Server thread/INFO]: Flushing Chunk IO
[13:20:33] [Server thread/INFO]: Closing Thread Pool
